<?xml version="1.0" encoding="UTF-8" ?>
<testsuite tests="3" failures="1" name="org.example.testrunners.MenuManagementTestRunner" time="0.067" errors="0" skipped="0">
  <properties>
    <property name="java.runtime.name" value="OpenJDK Runtime Environment"/>
    <property name="java.vm.version" value="11.0.16.1+9-LTS"/>
    <property name="sun.boot.library.path" value="C:\Program Files\Amazon Corretto\jdk11.0.16_9\bin"/>
    <property name="maven.multiModuleProjectDirectory" value="C:\Users\zitou\Desktop\Workspace\BDD\cucumber"/>
    <property name="java.vm.vendor" value="Amazon.com Inc."/>
    <property name="java.vendor.url" value="https://aws.amazon.com/corretto/"/>
    <property name="guice.disable.misplaced.annotation.check" value="true"/>
    <property name="path.separator" value=";"/>
    <property name="java.vm.name" value="OpenJDK 64-Bit Server VM"/>
    <property name="sun.os.patch.level" value=""/>
    <property name="user.script" value=""/>
    <property name="user.country" value="US"/>
    <property name="sun.java.launcher" value="SUN_STANDARD"/>
    <property name="java.vm.specification.name" value="Java Virtual Machine Specification"/>
    <property name="user.dir" value="C:\Users\zitou\Desktop\Workspace\BDD\cucumber"/>
    <property name="java.vm.compressedOopsMode" value="Zero based"/>
    <property name="java.runtime.version" value="11.0.16.1+9-LTS"/>
    <property name="java.awt.graphicsenv" value="sun.awt.Win32GraphicsEnvironment"/>
    <property name="os.arch" value="amd64"/>
    <property name="java.io.tmpdir" value="C:\Users\zitou\AppData\Local\Temp\"/>
    <property name="line.separator" value="
"/>
    <property name="java.vm.specification.vendor" value="Oracle Corporation"/>
    <property name="user.variant" value=""/>
    <property name="os.name" value="Windows 11"/>
    <property name="classworlds.conf" value="C:\DEV_ENV\apache-maven-3.8.6\bin\m2.conf"/>
    <property name="sun.jnu.encoding" value="Cp1252"/>
    <property name="java.library.path" value="C:\Program Files\Amazon Corretto\jdk11.0.16_9\bin;C:\WINDOWS\Sun\Java\bin;C:\WINDOWS\system32;C:\WINDOWS;C:\Program Files (x86)\VMware\VMware Player\bin\;C:\Program Files\Amazon Corretto\jdk11.0.16_9\bin;C:\Program Files\Amazon Corretto\jdk17.0.4_9\bin;C:\Program Files\Amazon Corretto\jdk1.8.0_342\bin;C:\Windows\system32;C:\Windows;C:\Windows\System32\Wbem;C:\Windows\System32\WindowsPowerShell\v1.0\;C:\Windows\System32\OpenSSH\;C:\Program Files (x86)\NVIDIA Corporation\PhysX\Common;C:\Program Files\NVIDIA Corporation\NVIDIA NvDLISR;C:\Program Files\Git\cmd;C:\Program Files\Docker\Docker\resources\bin;C:\ProgramData\DockerDesktop\version-bin;C:\Users\zitou\anaconda3;C:\DEV_ENV\apache-maven-3.8.6\bin;C:\Program Files\Amazon\AWSCLIV2\;C:\Users\zitou\AppData\Roaming\nvm;C:\Program Files\nodejs;C:\WINDOWS\system32;C:\WINDOWS;C:\WINDOWS\System32\Wbem;C:\WINDOWS\System32\WindowsPowerShell\v1.0\;C:\WINDOWS\System32\OpenSSH\;C:\DEV_ENV\gradle\gradle-6.9.3\bin;C:\Users\zitou\AppData\Local\Microsoft\WindowsApps;C:\Users\zitou\AppData\Local\Programs\Microsoft VS Code\bin;C:\Program Files\sfdx\bin;C:\Users\zitou\AppData\Local\Programs\oh-my-posh\bin;C:\Users\zitou\AppData\Roaming\nvm;C:\Program Files\nodejs;C:\Program Files\JetBrains\IntelliJ IDEA 2022.2.3\bin;;C:\Program Files\JetBrains\PyCharm 2022.2.2\bin;;C:\Program Files\JetBrains\WebStorm 2022.2.2\bin;;;."/>
    <property name="maven.conf" value="C:\DEV_ENV\apache-maven-3.8.6/conf"/>
    <property name="jdk.debug" value="release"/>
    <property name="java.class.version" value="55.0"/>
    <property name="java.specification.name" value="Java Platform API Specification"/>
    <property name="sun.management.compiler" value="HotSpot 64-Bit Tiered Compilers"/>
    <property name="os.version" value="10.0"/>
    <property name="library.jansi.path" value="C:\DEV_ENV\apache-maven-3.8.6\lib\jansi-native"/>
    <property name="user.home" value="C:\Users\zitou"/>
    <property name="user.timezone" value="America/New_York"/>
    <property name="java.awt.printerjob" value="sun.awt.windows.WPrinterJob"/>
    <property name="file.encoding" value="Cp1252"/>
    <property name="java.specification.version" value="11"/>
    <property name="user.name" value="zitou"/>
    <property name="java.class.path" value="C:\DEV_ENV\apache-maven-3.8.6\boot\plexus-classworlds-2.6.0.jar"/>
    <property name="java.vm.specification.version" value="11"/>
    <property name="sun.arch.data.model" value="64"/>
    <property name="sun.java.command" value="org.codehaus.plexus.classworlds.launcher.Launcher clean install"/>
    <property name="java.home" value="C:\Program Files\Amazon Corretto\jdk11.0.16_9"/>
    <property name="user.language" value="en"/>
    <property name="java.specification.vendor" value="Oracle Corporation"/>
    <property name="awt.toolkit" value="sun.awt.windows.WToolkit"/>
    <property name="java.vm.info" value="mixed mode"/>
    <property name="java.version" value="11.0.16.1"/>
    <property name="java.vendor" value="Amazon.com Inc."/>
    <property name="sun.stderr.encoding" value="cp437"/>
    <property name="maven.home" value="C:\DEV_ENV\apache-maven-3.8.6"/>
    <property name="file.separator" value="\"/>
    <property name="java.version.date" value="2022-08-12"/>
    <property name="java.vendor.url.bug" value="https://github.com/corretto/corretto-11/issues/"/>
    <property name="sun.io.unicode.encoding" value="UnicodeLittle"/>
    <property name="sun.cpu.endian" value="little"/>
    <property name="java.vendor.version" value="Corretto-11.0.16.9.1"/>
    <property name="sun.stdout.encoding" value="cp437"/>
    <property name="sun.desktop" value="windows"/>
    <property name="sun.cpu.isalist" value="amd64"/>
  </properties>
  <testcase classname="Menu Management" name="Add a menu item" time="0.054"/>
  <testcase classname="Menu Management" name="Add another item" time="0.004"/>
  <testcase classname="Menu Management" name="add a third item" time="0.009">
    <failure message="expected:&lt;Duplicate Item&gt; but was:&lt;null&gt;" type="java.lang.AssertionError">java.lang.AssertionError: expected:&lt;Duplicate Item&gt; but was:&lt;null&gt;
	at org.junit.Assert.fail(Assert.java:89)
	at org.junit.Assert.failNotEquals(Assert.java:835)
	at org.junit.Assert.assertEquals(Assert.java:120)
	at org.junit.Assert.assertEquals(Assert.java:146)
	at org.example.stepdefinitions.MenuManagementStepDefinitions.i_should_an_error_message_with_value(MenuManagementStepDefinitions.java:47)
	at ✽.I should an error message with value &quot;Duplicate Item&quot;(file:///C:/Users/zitou/Desktop/Workspace/BDD/cucumber/src/test/java/org/example/features/MenuManagement.feature:23)
</failure>
    <system-out>
@NightlyBuildTest @RegularTest
Scenario: add a third item                                       &amp;#27;[90m# src/test/java/org/example/features/MenuManagement.feature:20&amp;#27;[0m
Step 1
  &amp;#27;[32mGiven &amp;#27;[0m&amp;#27;[32mI have a menu with name &quot;&amp;#27;[0m&amp;#27;[32m&amp;#27;[1mChicken Sandwich&amp;#27;[0m&amp;#27;[32m&quot; and price &amp;#27;[0m&amp;#27;[32m&amp;#27;[1m$&amp;#27;[0m&amp;#27;[32m&amp;#27;[0m&amp;#27;[32m&amp;#27;[1m20&amp;#27;[0m &amp;#27;[90m# org.example.stepdefinitions.MenuManagementStepDefinitions.i_have_a__menu_item_with_name_and_price(java.lang.String,java.lang.String,java.lang.Integer)&amp;#27;[0m
Step 2
  &amp;#27;[32mWhen &amp;#27;[0m&amp;#27;[32mI add that menu item&amp;#27;[0m                                      &amp;#27;[90m# org.example.stepdefinitions.MenuManagementStepDefinitions.i_add_that_menu_item()&amp;#27;[0m
Step 3
  &amp;#27;[32mThen &amp;#27;[0m&amp;#27;[32mMenu Item with name &amp;#27;[0m&amp;#27;[32m&amp;#27;[1m&quot;Chicken Sandwich&quot;&amp;#27;[0m&amp;#27;[32m should be added&amp;#27;[0m    &amp;#27;[90m# org.example.stepdefinitions.MenuManagementStepDefinitions.doesItemExists(java.lang.String)&amp;#27;[0m
Step 1
  &amp;#27;[32mGiven &amp;#27;[0m&amp;#27;[32mI have a menu with name &quot;&amp;#27;[0m&amp;#27;[32m&amp;#27;[1mChicken Sandwich&amp;#27;[0m&amp;#27;[32m&quot; and price &amp;#27;[0m&amp;#27;[32m&amp;#27;[1m$&amp;#27;[0m&amp;#27;[32m&amp;#27;[0m&amp;#27;[32m&amp;#27;[1m20&amp;#27;[0m &amp;#27;[90m# org.example.stepdefinitions.MenuManagementStepDefinitions.i_have_a__menu_item_with_name_and_price(java.lang.String,java.lang.String,java.lang.Integer)&amp;#27;[0m
Step 2
  &amp;#27;[32mWhen &amp;#27;[0m&amp;#27;[32mI add that menu item&amp;#27;[0m                                      &amp;#27;[90m# org.example.stepdefinitions.MenuManagementStepDefinitions.i_add_that_menu_item()&amp;#27;[0m
  &amp;#27;[31mThen &amp;#27;[0m&amp;#27;[31mI should an error message with value &amp;#27;[0m&amp;#27;[31m&amp;#27;[1m&quot;Duplicate Item&quot;&amp;#27;[0m     &amp;#27;[90m# org.example.stepdefinitions.MenuManagementStepDefinitions.i_should_an_error_message_with_value(java.lang.String)&amp;#27;[0m
      &amp;#27;[31mjava.lang.AssertionError: expected:&lt;Duplicate Item&gt; but was:&lt;null&gt;
	at org.junit.Assert.fail(Assert.java:89)
	at org.junit.Assert.failNotEquals(Assert.java:835)
	at org.junit.Assert.assertEquals(Assert.java:120)
	at org.junit.Assert.assertEquals(Assert.java:146)
	at org.example.stepdefinitions.MenuManagementStepDefinitions.i_should_an_error_message_with_value(MenuManagementStepDefinitions.java:47)
	at âœ½.I should an error message with value &quot;Duplicate Item&quot;(file:///C:/Users/zitou/Desktop/Workspace/BDD/cucumber/src/test/java/org/example/features/MenuManagement.feature:23)
&amp;#27;[0m
</system-out>
  </testcase>
</testsuite>